<?xml version="1.0" encoding="UTF-8"?>
<coverage generated="1602077911105" clover="3.2.0">
  <project timestamp="1602077911106" name="All files">
    <metrics statements="2" coveredstatements="0" conditionals="0" coveredconditionals="0" methods="0" coveredmethods="0" elements="2" coveredelements="0" complexity="0" loc="2" ncloc="2" packages="1" files="2" classes="2"/>
    <file name="App.vue" path="/Users/achung/workspace/iwd-vue/src/App.vue">
      <metrics statements="1" coveredstatements="0" conditionals="0" coveredconditionals="0" methods="0" coveredmethods="0"/>
      <line num="2" count="0" type="stmt"/>
    </file>
    <file name="main.js" path="/Users/achung/workspace/iwd-vue/src/main.js">
      <metrics statements="1" coveredstatements="0" conditionals="0" coveredconditionals="0" methods="0" coveredmethods="0"/>
      <line num="6" count="0" type="stmt"/>
    </file>
  </project>
</coverage>
