{"/Users/achung/workspace/iwd-vue/src/App.vue": {"path":"/Users/achung/workspace/iwd-vue/src/App.vue","statementMap":{"0":{"start":{"line":2,"column":0},"end":{"line":2,"column":null}}},"fnMap":{},"branchMap":{},"s":{"0":0},"f":{},"b":{}}
,"/Users/achung/workspace/iwd-vue/src/main.js": {"path":"/Users/achung/workspace/iwd-vue/src/main.js","statementMap":{"0":{"start":{"line":6,"column":0},"end":{"line":6,"column":51}}},"fnMap":{},"branchMap":{},"s":{"0":0},"f":{},"b":{},"hash":"f54a53184a3542d12a243eafcdcbb887f0c97d73"}
}
