TN:
SF:/Users/achung/workspace/iwd-vue/src/App.vue
FNF:0
FNH:0
DA:2,0
LF:1
LH:0
BRF:0
BRH:0
end_of_record
TN:
SF:/Users/achung/workspace/iwd-vue/src/main.js
FNF:0
FNH:0
DA:6,0
LF:1
LH:0
BRF:0
BRH:0
end_of_record
TN:
SF:/Users/achung/workspace/iwd-vue/src/apis/News.api.js
FN:3,(anonymous_0)
FNF:1
FNH:0
FNDA:0,(anonymous_0)
DA:3,0
DA:4,0
DA:7,0
LF:3
LH:0
BRF:0
BRH:0
end_of_record
TN:
SF:/Users/achung/workspace/iwd-vue/src/router/index.js
FN:16,(anonymous_0)
FNF:1
FNH:0
FNDA:0,(anonymous_0)
DA:4,0
DA:16,0
DA:20,0
LF:3
LH:0
BRF:0
BRH:0
end_of_record
TN:
SF:/Users/achung/workspace/iwd-vue/src/store/Cart.module.js
FN:2,(anonymous_0)
FN:6,(anonymous_1)
FN:13,(anonymous_2)
FN:14,(anonymous_3)
FN:16,(anonymous_4)
FN:26,(anonymous_5)
FN:27,(anonymous_6)
FN:35,(anonymous_7)
FN:42,(anonymous_8)
FN:43,(anonymous_9)
FN:51,(anonymous_10)
FN:54,(anonymous_11)
FN:72,(anonymous_12)
FN:79,(anonymous_13)
FN:80,(anonymous_14)
FN:84,(anonymous_15)
FN:88,(anonymous_16)
FNF:17
FNH:0
FNDA:0,(anonymous_0)
FNDA:0,(anonymous_1)
FNDA:0,(anonymous_2)
FNDA:0,(anonymous_3)
FNDA:0,(anonymous_4)
FNDA:0,(anonymous_5)
FNDA:0,(anonymous_6)
FNDA:0,(anonymous_7)
FNDA:0,(anonymous_8)
FNDA:0,(anonymous_9)
FNDA:0,(anonymous_10)
FNDA:0,(anonymous_11)
FNDA:0,(anonymous_12)
FNDA:0,(anonymous_13)
FNDA:0,(anonymous_14)
FNDA:0,(anonymous_15)
FNDA:0,(anonymous_16)
DA:1,0
DA:6,0
DA:12,0
DA:14,0
DA:15,0
DA:16,0
DA:18,0
DA:27,0
DA:28,0
DA:34,0
DA:36,0
DA:37,0
DA:39,0
DA:40,0
DA:42,0
DA:44,0
DA:46,0
DA:52,0
DA:53,0
DA:54,0
DA:55,0
DA:56,0
DA:58,0
DA:61,0
DA:71,0
DA:73,0
DA:80,0
DA:81,0
DA:85,0
DA:89,0
LF:30
LH:0
BRDA:53,0,0,0
BRDA:53,0,1,0
BRDA:55,1,0,0
BRDA:55,1,1,0
BRF:4
BRH:0
end_of_record
TN:
SF:/Users/achung/workspace/iwd-vue/src/store/News.module.js
FN:3,(anonymous_0)
FN:10,(anonymous_1)
FN:15,(anonymous_2)
FN:29,(anonymous_3)
FN:32,(anonymous_4)
FNF:5
FNH:0
FNDA:0,(anonymous_0)
FNDA:0,(anonymous_1)
FNDA:0,(anonymous_2)
FNDA:0,(anonymous_3)
FNDA:0,(anonymous_4)
DA:3,0
DA:9,0
DA:10,0
DA:14,0
DA:16,0
DA:17,0
DA:18,0
DA:19,0
DA:21,0
DA:23,0
DA:28,0
DA:30,0
DA:33,0
LF:13
LH:0
BRF:0
BRH:0
end_of_record
TN:
SF:/Users/achung/workspace/iwd-vue/src/store/index.js
FNF:0
FNH:0
LF:0
LH:0
BRF:0
BRH:0
end_of_record
TN:
SF:/Users/achung/workspace/iwd-vue/src/views/Home.vue
FN:12,(anonymous_0)
FN:13,(anonymous_1)
FNF:2
FNH:0
FNDA:0,(anonymous_0)
FNDA:0,(anonymous_1)
DA:3,0
DA:4,0
DA:12,0
DA:13,0
LF:4
LH:0
BRF:0
BRH:0
end_of_record
